<?xml version="1.0" encoding="UTF-8"?>
<coverage generated="1618469298810" clover="3.2.0">
  <project timestamp="1618469298810" name="All files">
    <metrics statements="49" coveredstatements="48" conditionals="18" coveredconditionals="13" methods="17" coveredmethods="15" elements="84" coveredelements="76" complexity="0" loc="49" ncloc="49" packages="1" files="1" classes="1"/>
    <file name="methods.js" path="C:\Users\MILUSKA\Documents\GitHub\LIM014-mdlinks\src\API\methods.js">
      <metrics statements="49" coveredstatements="48" conditionals="18" coveredconditionals="13" methods="17" coveredmethods="15"/>
      <line num="2" count="2" type="stmt"/>
      <line num="4" count="2" type="stmt"/>
      <line num="6" count="2" type="stmt"/>
      <line num="8" count="2" type="stmt"/>
      <line num="14" count="2" type="stmt"/>
      <line num="16" count="5" type="stmt"/>
      <line num="17" count="5" type="stmt"/>
      <line num="18" count="5" type="stmt"/>
      <line num="19" count="5" type="cond" truecount="1" falsecount="1"/>
      <line num="20" count="5" type="stmt"/>
      <line num="21" count="7" type="stmt"/>
      <line num="26" count="7" type="stmt"/>
      <line num="29" count="7" type="stmt"/>
      <line num="32" count="2" type="stmt"/>
      <line num="33" count="7" type="stmt"/>
      <line num="35" count="7" type="cond" truecount="2" falsecount="0"/>
      <line num="37" count="0" type="cond" truecount="0" falsecount="2"/>
      <line num="38" count="7" type="stmt"/>
      <line num="43" count="2" type="stmt"/>
      <line num="44" count="4" type="stmt"/>
      <line num="45" count="4" type="cond" truecount="2" falsecount="0"/>
      <line num="46" count="4" type="stmt"/>
      <line num="50" count="2" type="stmt"/>
      <line num="51" count="7" type="stmt"/>
      <line num="52" count="7" type="cond" truecount="2" falsecount="0"/>
      <line num="53" count="5" type="stmt"/>
      <line num="56" count="1" type="stmt"/>
      <line num="58" count="1" type="stmt"/>
      <line num="62" count="6" type="stmt"/>
      <line num="65" count="2" type="stmt"/>
      <line num="68" count="3" type="stmt"/>
      <line num="70" count="2" type="stmt"/>
      <line num="71" count="5" type="stmt"/>
      <line num="72" count="5" type="cond" truecount="4" falsecount="0"/>
      <line num="73" count="4" type="stmt"/>
      <line num="75" count="1" type="cond" truecount="1" falsecount="1"/>
      <line num="76" count="1" type="stmt"/>
      <line num="77" count="1" type="stmt"/>
      <line num="78" count="2" type="cond" truecount="1" falsecount="1"/>
      <line num="79" count="2" type="stmt"/>
      <line num="80" count="2" type="stmt"/>
      <line num="81" count="2" type="stmt"/>
      <line num="85" count="4" type="stmt"/>
      <line num="88" count="2" type="stmt"/>
      <line num="89" count="1" type="stmt"/>
      <line num="90" count="1" type="stmt"/>
      <line num="92" count="1" type="stmt"/>
      <line num="95" count="2" type="stmt"/>
      <line num="97" count="2" type="stmt"/>
    </file>
  </project>
</coverage>
