{"C:\\Users\\MILUSKA\\Documents\\GitHub\\LIM014-mdlinks\\src\\API\\methods.js": {"path":"C:\\Users\\MILUSKA\\Documents\\GitHub\\LIM014-mdlinks\\src\\API\\methods.js","statementMap":{"0":{"start":{"line":2,"column":11},"end":{"line":2,"column":24}},"1":{"start":{"line":4,"column":13},"end":{"line":4,"column":28}},"2":{"start":{"line":6,"column":14},"end":{"line":6,"column":35}},"3":{"start":{"line":8,"column":19},"end":{"line":12,"column":1}},"4":{"start":{"line":14,"column":23},"end":{"line":30,"column":1}},"5":{"start":{"line":16,"column":20},"end":{"line":16,"column":51}},"6":{"start":{"line":17,"column":26},"end":{"line":17,"column":66}},"7":{"start":{"line":18,"column":21},"end":{"line":18,"column":23}},"8":{"start":{"line":19,"column":2},"end":{"line":28,"column":3}},"9":{"start":{"line":20,"column":4},"end":{"line":27,"column":7}},"10":{"start":{"line":21,"column":25},"end":{"line":25,"column":7}},"11":{"start":{"line":26,"column":6},"end":{"line":26,"column":34}},"12":{"start":{"line":29,"column":2},"end":{"line":29,"column":63}},"13":{"start":{"line":29,"column":40},"end":{"line":29,"column":61}},"14":{"start":{"line":32,"column":23},"end":{"line":39,"column":1}},"15":{"start":{"line":33,"column":14},"end":{"line":37,"column":86}},"16":{"start":{"line":33,"column":39},"end":{"line":37,"column":85}},"17":{"start":{"line":35,"column":6},"end":{"line":35,"column":62}},"18":{"start":{"line":37,"column":6},"end":{"line":37,"column":83}},"19":{"start":{"line":38,"column":2},"end":{"line":38,"column":26}},"20":{"start":{"line":43,"column":24},"end":{"line":47,"column":1}},"21":{"start":{"line":44,"column":24},"end":{"line":44,"column":45}},"22":{"start":{"line":45,"column":18},"end":{"line":45,"column":84}},"23":{"start":{"line":46,"column":2},"end":{"line":46,"column":17}},"24":{"start":{"line":50,"column":15},"end":{"line":59,"column":1}},"25":{"start":{"line":51,"column":2},"end":{"line":57,"column":3}},"26":{"start":{"line":52,"column":4},"end":{"line":54,"column":5}},"27":{"start":{"line":53,"column":6},"end":{"line":53,"column":34}},"28":{"start":{"line":56,"column":4},"end":{"line":56,"column":17}},"29":{"start":{"line":58,"column":2},"end":{"line":58,"column":15}},"30":{"start":{"line":62,"column":13},"end":{"line":62,"column":55}},"31":{"start":{"line":62,"column":25},"end":{"line":62,"column":54}},"32":{"start":{"line":65,"column":23},"end":{"line":65,"column":55}},"33":{"start":{"line":65,"column":34},"end":{"line":65,"column":55}},"34":{"start":{"line":68,"column":20},"end":{"line":68,"column":63}},"35":{"start":{"line":68,"column":31},"end":{"line":68,"column":63}},"36":{"start":{"line":70,"column":17},"end":{"line":86,"column":1}},"37":{"start":{"line":71,"column":20},"end":{"line":71,"column":22}},"38":{"start":{"line":72,"column":2},"end":{"line":74,"column":3}},"39":{"start":{"line":73,"column":4},"end":{"line":73,"column":32}},"40":{"start":{"line":75,"column":2},"end":{"line":84,"column":3}},"41":{"start":{"line":76,"column":24},"end":{"line":76,"column":45}},"42":{"start":{"line":77,"column":4},"end":{"line":83,"column":7}},"43":{"start":{"line":78,"column":6},"end":{"line":82,"column":7}},"44":{"start":{"line":79,"column":28},"end":{"line":79,"column":65}},"45":{"start":{"line":80,"column":23},"end":{"line":80,"column":44}},"46":{"start":{"line":81,"column":8},"end":{"line":81,"column":49}},"47":{"start":{"line":85,"column":2},"end":{"line":85,"column":64}},"48":{"start":{"line":85,"column":41},"end":{"line":85,"column":62}},"49":{"start":{"line":88,"column":22},"end":{"line":93,"column":1}},"50":{"start":{"line":89,"column":21},"end":{"line":89,"column":34}},"51":{"start":{"line":90,"column":17},"end":{"line":90,"column":43}},"52":{"start":{"line":92,"column":2},"end":{"line":92,"column":16}},"53":{"start":{"line":95,"column":0},"end":{"line":105,"column":2}}},"fnMap":{"0":{"name":"(anonymous_0)","decl":{"start":{"line":14,"column":23},"end":{"line":14,"column":24}},"loc":{"start":{"line":14,"column":34},"end":{"line":30,"column":1}},"line":14},"1":{"name":"(anonymous_1)","decl":{"start":{"line":20,"column":28},"end":{"line":20,"column":29}},"loc":{"start":{"line":20,"column":41},"end":{"line":27,"column":5}},"line":20},"2":{"name":"(anonymous_2)","decl":{"start":{"line":29,"column":27},"end":{"line":29,"column":28}},"loc":{"start":{"line":29,"column":40},"end":{"line":29,"column":61}},"line":29},"3":{"name":"(anonymous_3)","decl":{"start":{"line":32,"column":23},"end":{"line":32,"column":24}},"loc":{"start":{"line":32,"column":39},"end":{"line":39,"column":1}},"line":32},"4":{"name":"(anonymous_4)","decl":{"start":{"line":33,"column":29},"end":{"line":33,"column":30}},"loc":{"start":{"line":33,"column":39},"end":{"line":37,"column":85}},"line":33},"5":{"name":"(anonymous_5)","decl":{"start":{"line":34,"column":10},"end":{"line":34,"column":11}},"loc":{"start":{"line":35,"column":6},"end":{"line":35,"column":62}},"line":35},"6":{"name":"(anonymous_6)","decl":{"start":{"line":36,"column":11},"end":{"line":36,"column":12}},"loc":{"start":{"line":37,"column":6},"end":{"line":37,"column":83}},"line":37},"7":{"name":"(anonymous_7)","decl":{"start":{"line":43,"column":24},"end":{"line":43,"column":25}},"loc":{"start":{"line":43,"column":35},"end":{"line":47,"column":1}},"line":43},"8":{"name":"(anonymous_8)","decl":{"start":{"line":50,"column":15},"end":{"line":50,"column":16}},"loc":{"start":{"line":50,"column":26},"end":{"line":59,"column":1}},"line":50},"9":{"name":"(anonymous_9)","decl":{"start":{"line":62,"column":13},"end":{"line":62,"column":14}},"loc":{"start":{"line":62,"column":25},"end":{"line":62,"column":54}},"line":62},"10":{"name":"(anonymous_10)","decl":{"start":{"line":65,"column":23},"end":{"line":65,"column":24}},"loc":{"start":{"line":65,"column":34},"end":{"line":65,"column":55}},"line":65},"11":{"name":"(anonymous_11)","decl":{"start":{"line":68,"column":20},"end":{"line":68,"column":21}},"loc":{"start":{"line":68,"column":31},"end":{"line":68,"column":63}},"line":68},"12":{"name":"(anonymous_12)","decl":{"start":{"line":70,"column":17},"end":{"line":70,"column":18}},"loc":{"start":{"line":70,"column":28},"end":{"line":86,"column":1}},"line":70},"13":{"name":"(anonymous_13)","decl":{"start":{"line":77,"column":24},"end":{"line":77,"column":25}},"loc":{"start":{"line":77,"column":36},"end":{"line":83,"column":5}},"line":77},"14":{"name":"(anonymous_14)","decl":{"start":{"line":85,"column":28},"end":{"line":85,"column":29}},"loc":{"start":{"line":85,"column":41},"end":{"line":85,"column":62}},"line":85},"15":{"name":"(anonymous_15)","decl":{"start":{"line":88,"column":22},"end":{"line":88,"column":23}},"loc":{"start":{"line":88,"column":31},"end":{"line":93,"column":1}},"line":88}},"branchMap":{"0":{"loc":{"start":{"line":19,"column":2},"end":{"line":28,"column":3}},"type":"if","locations":[{"start":{"line":19,"column":2},"end":{"line":28,"column":3}},{"start":{"line":19,"column":2},"end":{"line":28,"column":3}}],"line":19},"1":{"loc":{"start":{"line":37,"column":16},"end":{"line":37,"column":55}},"type":"cond-expr","locations":[{"start":{"line":37,"column":29},"end":{"line":37,"column":39}},{"start":{"line":37,"column":42},"end":{"line":37,"column":55}}],"line":37},"2":{"loc":{"start":{"line":45,"column":18},"end":{"line":45,"column":84}},"type":"cond-expr","locations":[{"start":{"line":45,"column":49},"end":{"line":45,"column":76}},{"start":{"line":45,"column":79},"end":{"line":45,"column":84}}],"line":45},"3":{"loc":{"start":{"line":52,"column":4},"end":{"line":54,"column":5}},"type":"if","locations":[{"start":{"line":52,"column":4},"end":{"line":54,"column":5}},{"start":{"line":52,"column":4},"end":{"line":54,"column":5}}],"line":52},"4":{"loc":{"start":{"line":72,"column":2},"end":{"line":74,"column":3}},"type":"if","locations":[{"start":{"line":72,"column":2},"end":{"line":74,"column":3}},{"start":{"line":72,"column":2},"end":{"line":74,"column":3}}],"line":72},"5":{"loc":{"start":{"line":72,"column":6},"end":{"line":72,"column":34}},"type":"binary-expr","locations":[{"start":{"line":72,"column":6},"end":{"line":72,"column":19}},{"start":{"line":72,"column":23},"end":{"line":72,"column":34}}],"line":72},"6":{"loc":{"start":{"line":75,"column":2},"end":{"line":84,"column":3}},"type":"if","locations":[{"start":{"line":75,"column":2},"end":{"line":84,"column":3}},{"start":{"line":75,"column":2},"end":{"line":84,"column":3}}],"line":75},"7":{"loc":{"start":{"line":78,"column":6},"end":{"line":82,"column":7}},"type":"if","locations":[{"start":{"line":78,"column":6},"end":{"line":82,"column":7}},{"start":{"line":78,"column":6},"end":{"line":82,"column":7}}],"line":78}},"s":{"0":1,"1":1,"2":1,"3":1,"4":1,"5":5,"6":5,"7":5,"8":5,"9":5,"10":7,"11":7,"12":5,"13":7,"14":1,"15":3,"16":3,"17":3,"18":0,"19":3,"20":1,"21":4,"22":4,"23":4,"24":1,"25":7,"26":7,"27":5,"28":1,"29":1,"30":1,"31":6,"32":1,"33":3,"34":1,"35":3,"36":1,"37":5,"38":5,"39":4,"40":1,"41":1,"42":1,"43":2,"44":2,"45":2,"46":2,"47":1,"48":4,"49":1,"50":1,"51":1,"52":1,"53":1},"f":{"0":5,"1":7,"2":7,"3":3,"4":3,"5":3,"6":0,"7":4,"8":7,"9":6,"10":3,"11":3,"12":5,"13":2,"14":4,"15":1},"b":{"0":[5,0],"1":[0,0],"2":[3,1],"3":[5,1],"4":[4,1],"5":[5,4],"6":[1,0],"7":[2,0]},"_coverageSchema":"1a1c01bbd47fc00a2c39e90264f33305004495a9","hash":"d914034bb8b798c09bcfb409c5d43e78469b20fb"}
}
