{"D:\\GitHub\\LIM014-mdlinks\\backend\\index.js": {"path":"D:\\GitHub\\LIM014-mdlinks\\backend\\index.js","statementMap":{"0":{"start":{"line":1,"column":14},"end":{"line":1,"column":29}},"1":{"start":{"line":2,"column":11},"end":{"line":2,"column":24}},"2":{"start":{"line":3,"column":15},"end":{"line":3,"column":32}},"3":{"start":{"line":4,"column":14},"end":{"line":4,"column":30}},"4":{"start":{"line":5,"column":14},"end":{"line":5,"column":25}},"5":{"start":{"line":6,"column":14},"end":{"line":6,"column":35}},"6":{"start":{"line":7,"column":19},"end":{"line":7,"column":41}},"7":{"start":{"line":10,"column":19},"end":{"line":11,"column":87}},"8":{"start":{"line":11,"column":2},"end":{"line":11,"column":87}},"9":{"start":{"line":17,"column":16},"end":{"line":17,"column":55}},"10":{"start":{"line":17,"column":26},"end":{"line":17,"column":55}},"11":{"start":{"line":20,"column":20},"end":{"line":20,"column":62}},"12":{"start":{"line":20,"column":30},"end":{"line":20,"column":62}},"13":{"start":{"line":23,"column":17},"end":{"line":40,"column":1}},"14":{"start":{"line":24,"column":14},"end":{"line":24,"column":16}},"15":{"start":{"line":25,"column":2},"end":{"line":38,"column":3}},"16":{"start":{"line":26,"column":4},"end":{"line":33,"column":7}},"17":{"start":{"line":27,"column":20},"end":{"line":27,"column":37}},"18":{"start":{"line":28,"column":6},"end":{"line":32,"column":7}},"19":{"start":{"line":29,"column":8},"end":{"line":29,"column":57}},"20":{"start":{"line":30,"column":13},"end":{"line":32,"column":7}},"21":{"start":{"line":31,"column":8},"end":{"line":31,"column":47}},"22":{"start":{"line":35,"column":4},"end":{"line":37,"column":5}},"23":{"start":{"line":36,"column":6},"end":{"line":36,"column":35}},"24":{"start":{"line":39,"column":2},"end":{"line":39,"column":22}},"25":{"start":{"line":42,"column":21},"end":{"line":65,"column":1}},"26":{"start":{"line":43,"column":17},"end":{"line":43,"column":46}},"27":{"start":{"line":44,"column":17},"end":{"line":44,"column":37}},"28":{"start":{"line":45,"column":15},"end":{"line":45,"column":36}},"29":{"start":{"line":46,"column":14},"end":{"line":46,"column":29}},"30":{"start":{"line":47,"column":12},"end":{"line":47,"column":53}},"31":{"start":{"line":48,"column":17},"end":{"line":48,"column":27}},"32":{"start":{"line":49,"column":19},"end":{"line":49,"column":21}},"33":{"start":{"line":50,"column":2},"end":{"line":63,"column":3}},"34":{"start":{"line":51,"column":23},"end":{"line":51,"column":103}},"35":{"start":{"line":52,"column":4},"end":{"line":60,"column":6}},"36":{"start":{"line":53,"column":6},"end":{"line":59,"column":7}},"37":{"start":{"line":54,"column":8},"end":{"line":58,"column":11}},"38":{"start":{"line":62,"column":4},"end":{"line":62,"column":46}},"39":{"start":{"line":64,"column":2},"end":{"line":64,"column":19}},"40":{"start":{"line":68,"column":17},"end":{"line":73,"column":1}},"41":{"start":{"line":69,"column":19},"end":{"line":71,"column":4}},"42":{"start":{"line":70,"column":4},"end":{"line":70,"column":33}},"43":{"start":{"line":72,"column":2},"end":{"line":72,"column":27}},"44":{"start":{"line":76,"column":22},"end":{"line":96,"column":2}},"45":{"start":{"line":76,"column":32},"end":{"line":96,"column":2}},"46":{"start":{"line":77,"column":2},"end":{"line":95,"column":7}},"47":{"start":{"line":79,"column":6},"end":{"line":85,"column":7}},"48":{"start":{"line":88,"column":6},"end":{"line":94,"column":7}},"49":{"start":{"line":100,"column":2},"end":{"line":127,"column":5}},"50":{"start":{"line":101,"column":4},"end":{"line":126,"column":5}},"51":{"start":{"line":102,"column":6},"end":{"line":125,"column":7}},"52":{"start":{"line":103,"column":20},"end":{"line":103,"column":34}},"53":{"start":{"line":104,"column":25},"end":{"line":104,"column":40}},"54":{"start":{"line":105,"column":8},"end":{"line":113,"column":9}},"55":{"start":{"line":106,"column":10},"end":{"line":109,"column":14}},"56":{"start":{"line":108,"column":14},"end":{"line":108,"column":26}},"57":{"start":{"line":112,"column":10},"end":{"line":112,"column":29}},"58":{"start":{"line":115,"column":20},"end":{"line":115,"column":34}},"59":{"start":{"line":116,"column":25},"end":{"line":116,"column":40}},"60":{"start":{"line":117,"column":8},"end":{"line":124,"column":9}},"61":{"start":{"line":118,"column":10},"end":{"line":121,"column":12}},"62":{"start":{"line":120,"column":12},"end":{"line":120,"column":24}},"63":{"start":{"line":123,"column":10},"end":{"line":123,"column":29}},"64":{"start":{"line":142,"column":0},"end":{"line":151,"column":2}}},"fnMap":{"0":{"name":"(anonymous_0)","decl":{"start":{"line":10,"column":19},"end":{"line":10,"column":20}},"loc":{"start":{"line":11,"column":2},"end":{"line":11,"column":87}},"line":11},"1":{"name":"(anonymous_1)","decl":{"start":{"line":17,"column":16},"end":{"line":17,"column":17}},"loc":{"start":{"line":17,"column":26},"end":{"line":17,"column":55}},"line":17},"2":{"name":"(anonymous_2)","decl":{"start":{"line":20,"column":20},"end":{"line":20,"column":21}},"loc":{"start":{"line":20,"column":30},"end":{"line":20,"column":62}},"line":20},"3":{"name":"(anonymous_3)","decl":{"start":{"line":23,"column":17},"end":{"line":23,"column":18}},"loc":{"start":{"line":23,"column":27},"end":{"line":40,"column":1}},"line":23},"4":{"name":"(anonymous_4)","decl":{"start":{"line":26,"column":33},"end":{"line":26,"column":34}},"loc":{"start":{"line":26,"column":49},"end":{"line":33,"column":5}},"line":26},"5":{"name":"(anonymous_5)","decl":{"start":{"line":42,"column":21},"end":{"line":42,"column":22}},"loc":{"start":{"line":42,"column":31},"end":{"line":65,"column":1}},"line":42},"6":{"name":"(anonymous_6)","decl":{"start":{"line":52,"column":16},"end":{"line":52,"column":17}},"loc":{"start":{"line":52,"column":25},"end":{"line":60,"column":5}},"line":52},"7":{"name":"(anonymous_7)","decl":{"start":{"line":68,"column":17},"end":{"line":68,"column":18}},"loc":{"start":{"line":68,"column":27},"end":{"line":73,"column":1}},"line":68},"8":{"name":"(anonymous_8)","decl":{"start":{"line":69,"column":28},"end":{"line":69,"column":29}},"loc":{"start":{"line":69,"column":42},"end":{"line":71,"column":3}},"line":69},"9":{"name":"(anonymous_9)","decl":{"start":{"line":76,"column":22},"end":{"line":76,"column":23}},"loc":{"start":{"line":76,"column":32},"end":{"line":96,"column":2}},"line":76},"10":{"name":"(anonymous_10)","decl":{"start":{"line":76,"column":41},"end":{"line":76,"column":42}},"loc":{"start":{"line":76,"column":50},"end":{"line":96,"column":1}},"line":76},"11":{"name":"(anonymous_11)","decl":{"start":{"line":78,"column":10},"end":{"line":78,"column":11}},"loc":{"start":{"line":78,"column":19},"end":{"line":86,"column":5}},"line":78},"12":{"name":"(anonymous_12)","decl":{"start":{"line":87,"column":11},"end":{"line":87,"column":12}},"loc":{"start":{"line":87,"column":22},"end":{"line":95,"column":5}},"line":87},"13":{"name":"mdLinks","decl":{"start":{"line":99,"column":9},"end":{"line":99,"column":16}},"loc":{"start":{"line":99,"column":31},"end":{"line":128,"column":1}},"line":99},"14":{"name":"(anonymous_14)","decl":{"start":{"line":100,"column":21},"end":{"line":100,"column":22}},"loc":{"start":{"line":100,"column":42},"end":{"line":127,"column":3}},"line":100},"15":{"name":"(anonymous_15)","decl":{"start":{"line":107,"column":18},"end":{"line":107,"column":19}},"loc":{"start":{"line":107,"column":27},"end":{"line":109,"column":13}},"line":107},"16":{"name":"(anonymous_16)","decl":{"start":{"line":119,"column":16},"end":{"line":119,"column":17}},"loc":{"start":{"line":119,"column":25},"end":{"line":121,"column":11}},"line":119}},"branchMap":{"0":{"loc":{"start":{"line":11,"column":2},"end":{"line":11,"column":87}},"type":"cond-expr","locations":[{"start":{"line":11,"column":24},"end":{"line":11,"column":60}},{"start":{"line":11,"column":63},"end":{"line":11,"column":87}}],"line":11},"1":{"loc":{"start":{"line":25,"column":2},"end":{"line":38,"column":3}},"type":"if","locations":[{"start":{"line":25,"column":2},"end":{"line":38,"column":3}},{"start":{"line":25,"column":2},"end":{"line":38,"column":3}}],"line":25},"2":{"loc":{"start":{"line":28,"column":6},"end":{"line":32,"column":7}},"type":"if","locations":[{"start":{"line":28,"column":6},"end":{"line":32,"column":7}},{"start":{"line":28,"column":6},"end":{"line":32,"column":7}}],"line":28},"3":{"loc":{"start":{"line":30,"column":13},"end":{"line":32,"column":7}},"type":"if","locations":[{"start":{"line":30,"column":13},"end":{"line":32,"column":7}},{"start":{"line":30,"column":13},"end":{"line":32,"column":7}}],"line":30},"4":{"loc":{"start":{"line":35,"column":4},"end":{"line":37,"column":5}},"type":"if","locations":[{"start":{"line":35,"column":4},"end":{"line":37,"column":5}},{"start":{"line":35,"column":4},"end":{"line":37,"column":5}}],"line":35},"5":{"loc":{"start":{"line":50,"column":2},"end":{"line":63,"column":3}},"type":"if","locations":[{"start":{"line":50,"column":2},"end":{"line":63,"column":3}},{"start":{"line":50,"column":2},"end":{"line":63,"column":3}}],"line":50},"6":{"loc":{"start":{"line":53,"column":6},"end":{"line":59,"column":7}},"type":"if","locations":[{"start":{"line":53,"column":6},"end":{"line":59,"column":7}},{"start":{"line":53,"column":6},"end":{"line":59,"column":7}}],"line":53},"7":{"loc":{"start":{"line":84,"column":17},"end":{"line":84,"column":51}},"type":"cond-expr","locations":[{"start":{"line":84,"column":38},"end":{"line":84,"column":42}},{"start":{"line":84,"column":45},"end":{"line":84,"column":51}}],"line":84},"8":{"loc":{"start":{"line":101,"column":4},"end":{"line":126,"column":5}},"type":"if","locations":[{"start":{"line":101,"column":4},"end":{"line":126,"column":5}},{"start":{"line":101,"column":4},"end":{"line":126,"column":5}}],"line":101},"9":{"loc":{"start":{"line":102,"column":6},"end":{"line":125,"column":7}},"type":"if","locations":[{"start":{"line":102,"column":6},"end":{"line":125,"column":7}},{"start":{"line":102,"column":6},"end":{"line":125,"column":7}}],"line":102},"10":{"loc":{"start":{"line":105,"column":8},"end":{"line":113,"column":9}},"type":"if","locations":[{"start":{"line":105,"column":8},"end":{"line":113,"column":9}},{"start":{"line":105,"column":8},"end":{"line":113,"column":9}}],"line":105},"11":{"loc":{"start":{"line":117,"column":8},"end":{"line":124,"column":9}},"type":"if","locations":[{"start":{"line":117,"column":8},"end":{"line":124,"column":9}},{"start":{"line":117,"column":8},"end":{"line":124,"column":9}}],"line":117}},"s":{"0":1,"1":1,"2":1,"3":1,"4":1,"5":1,"6":1,"7":1,"8":8,"9":1,"10":8,"11":1,"12":13,"13":1,"14":3,"15":3,"16":3,"17":8,"18":8,"19":2,"20":6,"21":4,"22":0,"23":0,"24":3,"25":1,"26":0,"27":0,"28":0,"29":0,"30":0,"31":0,"32":0,"33":0,"34":0,"35":0,"36":0,"37":0,"38":0,"39":0,"40":1,"41":0,"42":0,"43":0,"44":1,"45":0,"46":0,"47":0,"48":0,"49":0,"50":0,"51":0,"52":0,"53":0,"54":0,"55":0,"56":0,"57":0,"58":0,"59":0,"60":0,"61":0,"62":0,"63":0,"64":1},"f":{"0":8,"1":8,"2":13,"3":3,"4":8,"5":0,"6":0,"7":0,"8":0,"9":0,"10":0,"11":0,"12":0,"13":0,"14":0,"15":0,"16":0},"b":{"0":[6,2],"1":[3,0],"2":[2,6],"3":[4,2],"4":[0,0],"5":[0,0],"6":[0,0],"7":[0,0],"8":[0,0],"9":[0,0],"10":[0,0],"11":[0,0]},"_coverageSchema":"1a1c01bbd47fc00a2c39e90264f33305004495a9","hash":"389e54b0d9e17dab93286ff279112dcf2ba8f56b"}
}
