TN:
SF:src\API\methods.js
FN:14,(anonymous_0)
FN:20,(anonymous_1)
FN:29,(anonymous_2)
FN:32,(anonymous_3)
FN:33,(anonymous_4)
FN:34,(anonymous_5)
FN:36,(anonymous_6)
FN:43,(anonymous_7)
FN:50,(anonymous_8)
FN:62,(anonymous_9)
FN:65,(anonymous_10)
FN:68,(anonymous_11)
FN:70,(anonymous_12)
FN:77,(anonymous_13)
FN:85,(anonymous_14)
FN:88,(anonymous_15)
FN:95,(anonymous_16)
FNF:17
FNH:15
FNDA:5,(anonymous_0)
FNDA:7,(anonymous_1)
FNDA:7,(anonymous_2)
FNDA:7,(anonymous_3)
FNDA:7,(anonymous_4)
FNDA:7,(anonymous_5)
FNDA:0,(anonymous_6)
FNDA:4,(anonymous_7)
FNDA:7,(anonymous_8)
FNDA:6,(anonymous_9)
FNDA:2,(anonymous_10)
FNDA:3,(anonymous_11)
FNDA:5,(anonymous_12)
FNDA:2,(anonymous_13)
FNDA:4,(anonymous_14)
FNDA:1,(anonymous_15)
FNDA:0,(anonymous_16)
DA:2,2
DA:4,2
DA:6,2
DA:8,2
DA:14,2
DA:16,5
DA:17,5
DA:18,5
DA:19,5
DA:20,5
DA:21,7
DA:26,7
DA:29,7
DA:32,2
DA:33,7
DA:35,7
DA:37,0
DA:38,7
DA:43,2
DA:44,4
DA:45,4
DA:46,4
DA:50,2
DA:51,7
DA:52,7
DA:53,5
DA:56,1
DA:58,1
DA:62,6
DA:65,2
DA:68,3
DA:70,2
DA:71,5
DA:72,5
DA:73,4
DA:75,1
DA:76,1
DA:77,1
DA:78,2
DA:79,2
DA:80,2
DA:81,2
DA:85,4
DA:88,2
DA:89,1
DA:90,1
DA:92,1
DA:95,2
DA:97,2
LF:49
LH:48
BRDA:19,0,0,5
BRDA:19,0,1,0
BRDA:35,1,0,6
BRDA:35,1,1,1
BRDA:37,2,0,0
BRDA:37,2,1,0
BRDA:45,3,0,3
BRDA:45,3,1,1
BRDA:52,4,0,5
BRDA:52,4,1,1
BRDA:72,5,0,4
BRDA:72,5,1,1
BRDA:72,6,0,5
BRDA:72,6,1,4
BRDA:75,7,0,1
BRDA:75,7,1,0
BRDA:78,8,0,2
BRDA:78,8,1,0
BRF:18
BRH:13
end_of_record
